The system is: Darwin - 17.7.0 - x86_64
Compiling the C compiler identification source file "CMakeCCompilerId.c" succeeded.
Compiler: /Applications/Xcode.app/Contents/Developer/Toolchains/XcodeDefault.xctoolchain/usr/bin/cc 
Build flags: 
Id flags:  

The output was:
0


Compilation of the C compiler identification source "CMakeCCompilerId.c" produced "a.out"

The C compiler identification is AppleClang, found in "/goinfre/ckatz/Desktop/c++/Nibbler/nibbler/LIB3/glfw/CMakeFiles/3.12.0/CompilerIdC/a.out"

Determining if the C compiler works passed with the following output:
Change Dir: /goinfre/ckatz/Desktop/c++/Nibbler/nibbler/LIB3/glfw/CMakeFiles/CMakeTmp

Run Build Command:"/usr/bin/make" "cmTC_e9aa5/fast"
/Applications/Xcode.app/Contents/Developer/usr/bin/make -f CMakeFiles/cmTC_e9aa5.dir/build.make CMakeFiles/cmTC_e9aa5.dir/build
Building C object CMakeFiles/cmTC_e9aa5.dir/testCCompiler.c.o
/Applications/Xcode.app/Contents/Developer/Toolchains/XcodeDefault.xctoolchain/usr/bin/cc    -o CMakeFiles/cmTC_e9aa5.dir/testCCompiler.c.o   -c /goinfre/ckatz/Desktop/c++/Nibbler/nibbler/LIB3/glfw/CMakeFiles/CMakeTmp/testCCompiler.c
Linking C executable cmTC_e9aa5
/goinfre/ckatz/.brew/Cellar/cmake/3.12.0/bin/cmake -E cmake_link_script CMakeFiles/cmTC_e9aa5.dir/link.txt --verbose=1
/Applications/Xcode.app/Contents/Developer/Toolchains/XcodeDefault.xctoolchain/usr/bin/cc   -Wl,-search_paths_first -Wl,-headerpad_max_install_names   CMakeFiles/cmTC_e9aa5.dir/testCCompiler.c.o  -o cmTC_e9aa5 


Detecting C compiler ABI info compiled with the following output:
Change Dir: /goinfre/ckatz/Desktop/c++/Nibbler/nibbler/LIB3/glfw/CMakeFiles/CMakeTmp

Run Build Command:"/usr/bin/make" "cmTC_a9416/fast"
/Applications/Xcode.app/Contents/Developer/usr/bin/make -f CMakeFiles/cmTC_a9416.dir/build.make CMakeFiles/cmTC_a9416.dir/build
Building C object CMakeFiles/cmTC_a9416.dir/CMakeCCompilerABI.c.o
/Applications/Xcode.app/Contents/Developer/Toolchains/XcodeDefault.xctoolchain/usr/bin/cc    -o CMakeFiles/cmTC_a9416.dir/CMakeCCompilerABI.c.o   -c /goinfre/ckatz/.brew/Cellar/cmake/3.12.0/share/cmake/Modules/CMakeCCompilerABI.c
Linking C executable cmTC_a9416
/goinfre/ckatz/.brew/Cellar/cmake/3.12.0/bin/cmake -E cmake_link_script CMakeFiles/cmTC_a9416.dir/link.txt --verbose=1
/Applications/Xcode.app/Contents/Developer/Toolchains/XcodeDefault.xctoolchain/usr/bin/cc   -Wl,-search_paths_first -Wl,-headerpad_max_install_names  -v -Wl,-v CMakeFiles/cmTC_a9416.dir/CMakeCCompilerABI.c.o  -o cmTC_a9416 
Apple LLVM version 9.0.0 (clang-900.0.39.2)
Target: x86_64-apple-darwin17.7.0
Thread model: posix
InstalledDir: /Applications/Xcode.app/Contents/Developer/Toolchains/XcodeDefault.xctoolchain/usr/bin
 "/Applications/Xcode.app/Contents/Developer/Toolchains/XcodeDefault.xctoolchain/usr/bin/ld" -demangle -lto_library /Applications/Xcode.app/Contents/Developer/Toolchains/XcodeDefault.xctoolchain/usr/lib/libLTO.dylib -dynamic -arch x86_64 -macosx_version_min 10.13.0 -o cmTC_a9416 -search_paths_first -headerpad_max_install_names -v CMakeFiles/cmTC_a9416.dir/CMakeCCompilerABI.c.o -lSystem /Applications/Xcode.app/Contents/Developer/Toolchains/XcodeDefault.xctoolchain/usr/lib/clang/9.0.0/lib/darwin/libclang_rt.osx.a
@(#)PROGRAM:ld  PROJECT:ld64-305
configured to support archs: armv6 armv7 armv7s arm64 i386 x86_64 x86_64h armv6m armv7k armv7m armv7em (tvOS)
Library search paths:
	/usr/lib
	/usr/local/lib
Framework search paths:
	/Library/Frameworks/
	/System/Library/Frameworks/


Parsed C implicit link information from above output:
  link line regex: [^( *|.*[/\])(ld|CMAKE_LINK_STARTFILE-NOTFOUND|([^/\]+-)?ld|collect2)[^/\]*( |$)]
  ignore line: [Change Dir: /goinfre/ckatz/Desktop/c++/Nibbler/nibbler/LIB3/glfw/CMakeFiles/CMakeTmp]
  ignore line: []
  ignore line: [Run Build Command:"/usr/bin/make" "cmTC_a9416/fast"]
  ignore line: [/Applications/Xcode.app/Contents/Developer/usr/bin/make -f CMakeFiles/cmTC_a9416.dir/build.make CMakeFiles/cmTC_a9416.dir/build]
  ignore line: [Building C object CMakeFiles/cmTC_a9416.dir/CMakeCCompilerABI.c.o]
  ignore line: [/Applications/Xcode.app/Contents/Developer/Toolchains/XcodeDefault.xctoolchain/usr/bin/cc    -o CMakeFiles/cmTC_a9416.dir/CMakeCCompilerABI.c.o   -c /goinfre/ckatz/.brew/Cellar/cmake/3.12.0/share/cmake/Modules/CMakeCCompilerABI.c]
  ignore line: [Linking C executable cmTC_a9416]
  ignore line: [/goinfre/ckatz/.brew/Cellar/cmake/3.12.0/bin/cmake -E cmake_link_script CMakeFiles/cmTC_a9416.dir/link.txt --verbose=1]
  ignore line: [/Applications/Xcode.app/Contents/Developer/Toolchains/XcodeDefault.xctoolchain/usr/bin/cc   -Wl,-search_paths_first -Wl,-headerpad_max_install_names  -v -Wl,-v CMakeFiles/cmTC_a9416.dir/CMakeCCompilerABI.c.o  -o cmTC_a9416 ]
  ignore line: [Apple LLVM version 9.0.0 (clang-900.0.39.2)]
  ignore line: [Target: x86_64-apple-darwin17.7.0]
  ignore line: [Thread model: posix]
  ignore line: [InstalledDir: /Applications/Xcode.app/Contents/Developer/Toolchains/XcodeDefault.xctoolchain/usr/bin]
  link line: [ "/Applications/Xcode.app/Contents/Developer/Toolchains/XcodeDefault.xctoolchain/usr/bin/ld" -demangle -lto_library /Applications/Xcode.app/Contents/Developer/Toolchains/XcodeDefault.xctoolchain/usr/lib/libLTO.dylib -dynamic -arch x86_64 -macosx_version_min 10.13.0 -o cmTC_a9416 -search_paths_first -headerpad_max_install_names -v CMakeFiles/cmTC_a9416.dir/CMakeCCompilerABI.c.o -lSystem /Applications/Xcode.app/Contents/Developer/Toolchains/XcodeDefault.xctoolchain/usr/lib/clang/9.0.0/lib/darwin/libclang_rt.osx.a]
    arg [/Applications/Xcode.app/Contents/Developer/Toolchains/XcodeDefault.xctoolchain/usr/bin/ld] ==> ignore
    arg [-demangle] ==> ignore
    arg [-lto_library] ==> ignore, skip following value
    arg [/Applications/Xcode.app/Contents/Developer/Toolchains/XcodeDefault.xctoolchain/usr/lib/libLTO.dylib] ==> skip value of -lto_library
    arg [-dynamic] ==> ignore
    arg [-arch] ==> ignore
    arg [x86_64] ==> ignore
    arg [-macosx_version_min] ==> ignore
    arg [10.13.0] ==> ignore
    arg [-o] ==> ignore
    arg [cmTC_a9416] ==> ignore
    arg [-search_paths_first] ==> ignore
    arg [-headerpad_max_install_names] ==> ignore
    arg [-v] ==> ignore
    arg [CMakeFiles/cmTC_a9416.dir/CMakeCCompilerABI.c.o] ==> ignore
    arg [-lSystem] ==> lib [System]
    arg [/Applications/Xcode.app/Contents/Developer/Toolchains/XcodeDefault.xctoolchain/usr/lib/clang/9.0.0/lib/darwin/libclang_rt.osx.a] ==> lib [/Applications/Xcode.app/Contents/Developer/Toolchains/XcodeDefault.xctoolchain/usr/lib/clang/9.0.0/lib/darwin/libclang_rt.osx.a]
  Library search paths: [;/usr/lib;/usr/local/lib]
  Framework search paths: [;/Library/Frameworks/;/System/Library/Frameworks/]
  remove lib [System]
  remove lib [/Applications/Xcode.app/Contents/Developer/Toolchains/XcodeDefault.xctoolchain/usr/lib/clang/9.0.0/lib/darwin/libclang_rt.osx.a]
  collapse library dir [/usr/lib] ==> [/usr/lib]
  collapse library dir [/usr/local/lib] ==> [/usr/local/lib]
  collapse framework dir [/Library/Frameworks/] ==> [/Library/Frameworks]
  collapse framework dir [/System/Library/Frameworks/] ==> [/System/Library/Frameworks]
  implicit libs: []
  implicit dirs: [/usr/lib;/usr/local/lib]
  implicit fwks: [/Library/Frameworks;/System/Library/Frameworks]




Detecting C [-std=c11] compiler features compiled with the following output:
Change Dir: /goinfre/ckatz/Desktop/c++/Nibbler/nibbler/LIB3/glfw/CMakeFiles/CMakeTmp

Run Build Command:"/usr/bin/make" "cmTC_ecb69/fast"
/Applications/Xcode.app/Contents/Developer/usr/bin/make -f CMakeFiles/cmTC_ecb69.dir/build.make CMakeFiles/cmTC_ecb69.dir/build
Building C object CMakeFiles/cmTC_ecb69.dir/feature_tests.c.o
/Applications/Xcode.app/Contents/Developer/Toolchains/XcodeDefault.xctoolchain/usr/bin/cc   -std=c11 -o CMakeFiles/cmTC_ecb69.dir/feature_tests.c.o   -c /goinfre/ckatz/Desktop/c++/Nibbler/nibbler/LIB3/glfw/CMakeFiles/feature_tests.c
Linking C executable cmTC_ecb69
/goinfre/ckatz/.brew/Cellar/cmake/3.12.0/bin/cmake -E cmake_link_script CMakeFiles/cmTC_ecb69.dir/link.txt --verbose=1
/Applications/Xcode.app/Contents/Developer/Toolchains/XcodeDefault.xctoolchain/usr/bin/cc   -Wl,-search_paths_first -Wl,-headerpad_max_install_names   CMakeFiles/cmTC_ecb69.dir/feature_tests.c.o  -o cmTC_ecb69 


    Feature record: C_FEATURE:1c_function_prototypes
    Feature record: C_FEATURE:1c_restrict
    Feature record: C_FEATURE:1c_static_assert
    Feature record: C_FEATURE:1c_variadic_macros


Detecting C [-std=c99] compiler features compiled with the following output:
Change Dir: /goinfre/ckatz/Desktop/c++/Nibbler/nibbler/LIB3/glfw/CMakeFiles/CMakeTmp

Run Build Command:"/usr/bin/make" "cmTC_47179/fast"
/Applications/Xcode.app/Contents/Developer/usr/bin/make -f CMakeFiles/cmTC_47179.dir/build.make CMakeFiles/cmTC_47179.dir/build
Building C object CMakeFiles/cmTC_47179.dir/feature_tests.c.o
/Applications/Xcode.app/Contents/Developer/Toolchains/XcodeDefault.xctoolchain/usr/bin/cc   -std=c99 -o CMakeFiles/cmTC_47179.dir/feature_tests.c.o   -c /goinfre/ckatz/Desktop/c++/Nibbler/nibbler/LIB3/glfw/CMakeFiles/feature_tests.c
Linking C executable cmTC_47179
/goinfre/ckatz/.brew/Cellar/cmake/3.12.0/bin/cmake -E cmake_link_script CMakeFiles/cmTC_47179.dir/link.txt --verbose=1
/Applications/Xcode.app/Contents/Developer/Toolchains/XcodeDefault.xctoolchain/usr/bin/cc   -Wl,-search_paths_first -Wl,-headerpad_max_install_names   CMakeFiles/cmTC_47179.dir/feature_tests.c.o  -o cmTC_47179 


    Feature record: C_FEATURE:1c_function_prototypes
    Feature record: C_FEATURE:1c_restrict
    Feature record: C_FEATURE:0c_static_assert
    Feature record: C_FEATURE:1c_variadic_macros


Detecting C [-std=c90] compiler features compiled with the following output:
Change Dir: /goinfre/ckatz/Desktop/c++/Nibbler/nibbler/LIB3/glfw/CMakeFiles/CMakeTmp

Run Build Command:"/usr/bin/make" "cmTC_7e537/fast"
/Applications/Xcode.app/Contents/Developer/usr/bin/make -f CMakeFiles/cmTC_7e537.dir/build.make CMakeFiles/cmTC_7e537.dir/build
Building C object CMakeFiles/cmTC_7e537.dir/feature_tests.c.o
/Applications/Xcode.app/Contents/Developer/Toolchains/XcodeDefault.xctoolchain/usr/bin/cc   -std=c90 -o CMakeFiles/cmTC_7e537.dir/feature_tests.c.o   -c /goinfre/ckatz/Desktop/c++/Nibbler/nibbler/LIB3/glfw/CMakeFiles/feature_tests.c
Linking C executable cmTC_7e537
/goinfre/ckatz/.brew/Cellar/cmake/3.12.0/bin/cmake -E cmake_link_script CMakeFiles/cmTC_7e537.dir/link.txt --verbose=1
/Applications/Xcode.app/Contents/Developer/Toolchains/XcodeDefault.xctoolchain/usr/bin/cc   -Wl,-search_paths_first -Wl,-headerpad_max_install_names   CMakeFiles/cmTC_7e537.dir/feature_tests.c.o  -o cmTC_7e537 


    Feature record: C_FEATURE:1c_function_prototypes
    Feature record: C_FEATURE:0c_restrict
    Feature record: C_FEATURE:0c_static_assert
    Feature record: C_FEATURE:0c_variadic_macros
Determining if the include file pthread.h exists passed with the following output:
Change Dir: /goinfre/ckatz/Desktop/c++/Nibbler/nibbler/LIB3/glfw/CMakeFiles/CMakeTmp

Run Build Command:"/usr/bin/make" "cmTC_7aadb/fast"
/Applications/Xcode.app/Contents/Developer/usr/bin/make -f CMakeFiles/cmTC_7aadb.dir/build.make CMakeFiles/cmTC_7aadb.dir/build
Building C object CMakeFiles/cmTC_7aadb.dir/CheckIncludeFile.c.o
/Applications/Xcode.app/Contents/Developer/Toolchains/XcodeDefault.xctoolchain/usr/bin/cc    -o CMakeFiles/cmTC_7aadb.dir/CheckIncludeFile.c.o   -c /goinfre/ckatz/Desktop/c++/Nibbler/nibbler/LIB3/glfw/CMakeFiles/CMakeTmp/CheckIncludeFile.c
Linking C executable cmTC_7aadb
/goinfre/ckatz/.brew/Cellar/cmake/3.12.0/bin/cmake -E cmake_link_script CMakeFiles/cmTC_7aadb.dir/link.txt --verbose=1
/Applications/Xcode.app/Contents/Developer/Toolchains/XcodeDefault.xctoolchain/usr/bin/cc   -Wl,-search_paths_first -Wl,-headerpad_max_install_names   CMakeFiles/cmTC_7aadb.dir/CheckIncludeFile.c.o  -o cmTC_7aadb 


Determining if the pthread_create exist passed with the following output:
Change Dir: /goinfre/ckatz/Desktop/c++/Nibbler/nibbler/LIB3/glfw/CMakeFiles/CMakeTmp

Run Build Command:"/usr/bin/make" "cmTC_75249/fast"
/Applications/Xcode.app/Contents/Developer/usr/bin/make -f CMakeFiles/cmTC_75249.dir/build.make CMakeFiles/cmTC_75249.dir/build
Building C object CMakeFiles/cmTC_75249.dir/CheckSymbolExists.c.o
/Applications/Xcode.app/Contents/Developer/Toolchains/XcodeDefault.xctoolchain/usr/bin/cc    -o CMakeFiles/cmTC_75249.dir/CheckSymbolExists.c.o   -c /goinfre/ckatz/Desktop/c++/Nibbler/nibbler/LIB3/glfw/CMakeFiles/CMakeTmp/CheckSymbolExists.c
Linking C executable cmTC_75249
/goinfre/ckatz/.brew/Cellar/cmake/3.12.0/bin/cmake -E cmake_link_script CMakeFiles/cmTC_75249.dir/link.txt --verbose=1
/Applications/Xcode.app/Contents/Developer/Toolchains/XcodeDefault.xctoolchain/usr/bin/cc   -Wl,-search_paths_first -Wl,-headerpad_max_install_names   CMakeFiles/cmTC_75249.dir/CheckSymbolExists.c.o  -o cmTC_75249 

File /goinfre/ckatz/Desktop/c++/Nibbler/nibbler/LIB3/glfw/CMakeFiles/CMakeTmp/CheckSymbolExists.c:
/* */
#include <pthread.h>

int main(int argc, char** argv)
{
  (void)argv;
#ifndef pthread_create
  return ((int*)(&pthread_create))[argc];
#else
  (void)argc;
  return 0;
#endif
}

